
AVRASM ver. 2.1.30  C:\PROJET groupe TB7\0\essai-dmx-envoi\Debug\List\essai-dmx-envoi.asm Mon May 28 16:58:02 2018

C:\PROJET groupe TB7\0\essai-dmx-envoi\Debug\List\essai-dmx-envoi.asm(1086): warning: Register r5 already defined by the .DEF directive
C:\PROJET groupe TB7\0\essai-dmx-envoi\Debug\List\essai-dmx-envoi.asm(1087): warning: Register r4 already defined by the .DEF directive
C:\PROJET groupe TB7\0\essai-dmx-envoi\Debug\List\essai-dmx-envoi.asm(1088): warning: Register r7 already defined by the .DEF directive
                 
                 
                 ;CodeVisionAVR C Compiler V3.16 Evaluation
                 ;(C) Copyright 1998-2014 Pavel Haiduc, HP InfoTech s.r.l.
                 ;http://www.hpinfotech.com
                 
                 ;Build configuration    : Debug
                 ;Chip type              : ATmega8535
                 ;Program type           : Application
                 ;Clock frequency        : 16,000000 MHz
                 ;Memory model           : Small
                 ;Optimize for           : Size
                 ;(s)printf features     : int, width
                 ;(s)scanf features      : int, width
                 ;External RAM size      : 0
                 ;Data Stack size        : 128 byte(s)
                 ;Heap size              : 0 byte(s)
                 ;Promote 'char' to 'int': No
                 ;'char' is unsigned     : Yes
                 ;8 bit enums            : Yes
                 ;Global 'const' stored in FLASH: No
                 ;Enhanced function parameter passing: Mode 2
                 ;Enhanced core instructions: On
                 ;Automatic register allocation for global variables: On
                 ;Smart register allocation: On
                 
                 	#define _MODEL_SMALL_
                 
                 	#pragma AVRPART ADMIN PART_NAME ATmega8535
                 	#pragma AVRPART MEMORY PROG_FLASH 8192
                 	#pragma AVRPART MEMORY EEPROM 512
                 	#pragma AVRPART MEMORY INT_SRAM SIZE 512
                 	#pragma AVRPART MEMORY INT_SRAM START_ADDR 0x60
                 
                 	.LISTMAC
                 	.EQU UDRE=0x5
                 	.EQU RXC=0x7
                 	.EQU USR=0xB
                 	.EQU UDR=0xC
                 	.EQU SPSR=0xE
                 	.EQU SPDR=0xF
                 	.EQU EERE=0x0
                 	.EQU EEWE=0x1
                 	.EQU EEMWE=0x2
                 	.EQU EECR=0x1C
                 	.EQU EEDR=0x1D
                 	.EQU EEARL=0x1E
                 	.EQU EEARH=0x1F
                 	.EQU WDTCR=0x21
                 	.EQU MCUCR=0x35
                 	.EQU GICR=0x3B
                 	.EQU SPL=0x3D
                 	.EQU SPH=0x3E
                 	.EQU SREG=0x3F
                 
                 	.DEF R0X0=R0
                 	.DEF R0X1=R1
                 	.DEF R0X2=R2
                 	.DEF R0X3=R3
                 	.DEF R0X4=R4
                 	.DEF R0X5=R5
                 	.DEF R0X6=R6
                 	.DEF R0X7=R7
                 	.DEF R0X8=R8
                 	.DEF R0X9=R9
                 	.DEF R0XA=R10
                 	.DEF R0XB=R11
                 	.DEF R0XC=R12
                 	.DEF R0XD=R13
                 	.DEF R0XE=R14
                 	.DEF R0XF=R15
                 	.DEF R0X10=R16
                 	.DEF R0X11=R17
                 	.DEF R0X12=R18
                 	.DEF R0X13=R19
                 	.DEF R0X14=R20
                 	.DEF R0X15=R21
                 	.DEF R0X16=R22
                 	.DEF R0X17=R23
                 	.DEF R0X18=R24
                 	.DEF R0X19=R25
                 	.DEF R0X1A=R26
                 	.DEF R0X1B=R27
                 	.DEF R0X1C=R28
                 	.DEF R0X1D=R29
                 	.DEF R0X1E=R30
                 	.DEF R0X1F=R31
                 
                 	.EQU __SRAM_START=0x0060
                 	.EQU __SRAM_END=0x025F
                 	.EQU __DSTACK_SIZE=0x0080
                 	.EQU __HEAP_SIZE=0x0000
                 	.EQU __CLEAR_SRAM_SIZE=__SRAM_END-__SRAM_START+1
                 
                 	.MACRO __CPD1N
                 	CPI  R30,LOW(@0)
                 	LDI  R26,HIGH(@0)
                 	CPC  R31,R26
                 	LDI  R26,BYTE3(@0)
                 	CPC  R22,R26
                 	LDI  R26,BYTE4(@0)
                 	CPC  R23,R26
                 	.ENDM
                 
                 	.MACRO __CPD2N
                 	CPI  R26,LOW(@0)
                 	LDI  R30,HIGH(@0)
                 	CPC  R27,R30
                 	LDI  R30,BYTE3(@0)
                 	CPC  R24,R30
                 	LDI  R30,BYTE4(@0)
                 	CPC  R25,R30
                 	.ENDM
                 
                 	.MACRO __CPWRR
                 	CP   R@0,R@2
                 	CPC  R@1,R@3
                 	.ENDM
                 
                 	.MACRO __CPWRN
                 	CPI  R@0,LOW(@2)
                 	LDI  R30,HIGH(@2)
                 	CPC  R@1,R30
                 	.ENDM
                 
                 	.MACRO __ADDB1MN
                 	SUBI R30,LOW(-@0-(@1))
                 	.ENDM
                 
                 	.MACRO __ADDB2MN
                 	SUBI R26,LOW(-@0-(@1))
                 	.ENDM
                 
                 	.MACRO __ADDW1MN
                 	SUBI R30,LOW(-@0-(@1))
                 	SBCI R31,HIGH(-@0-(@1))
                 	.ENDM
                 
                 	.MACRO __ADDW2MN
                 	SUBI R26,LOW(-@0-(@1))
                 	SBCI R27,HIGH(-@0-(@1))
                 	.ENDM
                 
                 	.MACRO __ADDW1FN
                 	SUBI R30,LOW(-2*@0-(@1))
                 	SBCI R31,HIGH(-2*@0-(@1))
                 	.ENDM
                 
                 	.MACRO __ADDD1FN
                 	SUBI R30,LOW(-2*@0-(@1))
                 	SBCI R31,HIGH(-2*@0-(@1))
                 	SBCI R22,BYTE3(-2*@0-(@1))
                 	.ENDM
                 
                 	.MACRO __ADDD1N
                 	SUBI R30,LOW(-@0)
                 	SBCI R31,HIGH(-@0)
                 	SBCI R22,BYTE3(-@0)
                 	SBCI R23,BYTE4(-@0)
                 	.ENDM
                 
                 	.MACRO __ADDD2N
                 	SUBI R26,LOW(-@0)
                 	SBCI R27,HIGH(-@0)
                 	SBCI R24,BYTE3(-@0)
                 	SBCI R25,BYTE4(-@0)
                 	.ENDM
                 
                 	.MACRO __SUBD1N
                 	SUBI R30,LOW(@0)
                 	SBCI R31,HIGH(@0)
                 	SBCI R22,BYTE3(@0)
                 	SBCI R23,BYTE4(@0)
                 	.ENDM
                 
                 	.MACRO __SUBD2N
                 	SUBI R26,LOW(@0)
                 	SBCI R27,HIGH(@0)
                 	SBCI R24,BYTE3(@0)
                 	SBCI R25,BYTE4(@0)
                 	.ENDM
                 
                 	.MACRO __ANDBMNN
                 	LDS  R30,@0+(@1)
                 	ANDI R30,LOW(@2)
                 	STS  @0+(@1),R30
                 	.ENDM
                 
                 	.MACRO __ANDWMNN
                 	LDS  R30,@0+(@1)
                 	ANDI R30,LOW(@2)
                 	STS  @0+(@1),R30
                 	LDS  R30,@0+(@1)+1
                 	ANDI R30,HIGH(@2)
                 	STS  @0+(@1)+1,R30
                 	.ENDM
                 
                 	.MACRO __ANDD1N
                 	ANDI R30,LOW(@0)
                 	ANDI R31,HIGH(@0)
                 	ANDI R22,BYTE3(@0)
                 	ANDI R23,BYTE4(@0)
                 	.ENDM
                 
                 	.MACRO __ANDD2N
                 	ANDI R26,LOW(@0)
                 	ANDI R27,HIGH(@0)
                 	ANDI R24,BYTE3(@0)
                 	ANDI R25,BYTE4(@0)
                 	.ENDM
                 
                 	.MACRO __ORBMNN
                 	LDS  R30,@0+(@1)
                 	ORI  R30,LOW(@2)
                 	STS  @0+(@1),R30
                 	.ENDM
                 
                 	.MACRO __ORWMNN
                 	LDS  R30,@0+(@1)
                 	ORI  R30,LOW(@2)
                 	STS  @0+(@1),R30
                 	LDS  R30,@0+(@1)+1
                 	ORI  R30,HIGH(@2)
                 	STS  @0+(@1)+1,R30
                 	.ENDM
                 
                 	.MACRO __ORD1N
                 	ORI  R30,LOW(@0)
                 	ORI  R31,HIGH(@0)
                 	ORI  R22,BYTE3(@0)
                 	ORI  R23,BYTE4(@0)
                 	.ENDM
                 
                 	.MACRO __ORD2N
                 	ORI  R26,LOW(@0)
                 	ORI  R27,HIGH(@0)
                 	ORI  R24,BYTE3(@0)
                 	ORI  R25,BYTE4(@0)
                 	.ENDM
                 
                 	.MACRO __DELAY_USB
                 	LDI  R24,LOW(@0)
                 __DELAY_USB_LOOP:
                 	DEC  R24
                 	BRNE __DELAY_USB_LOOP
                 	.ENDM
                 
                 	.MACRO __DELAY_USW
                 	LDI  R24,LOW(@0)
                 	LDI  R25,HIGH(@0)
                 __DELAY_USW_LOOP:
                 	SBIW R24,1
                 	BRNE __DELAY_USW_LOOP
                 	.ENDM
                 
                 	.MACRO __GETD1S
                 	LDD  R30,Y+@0
                 	LDD  R31,Y+@0+1
                 	LDD  R22,Y+@0+2
                 	LDD  R23,Y+@0+3
                 	.ENDM
                 
                 	.MACRO __GETD2S
                 	LDD  R26,Y+@0
                 	LDD  R27,Y+@0+1
                 	LDD  R24,Y+@0+2
                 	LDD  R25,Y+@0+3
                 	.ENDM
                 
                 	.MACRO __PUTD1S
                 	STD  Y+@0,R30
                 	STD  Y+@0+1,R31
                 	STD  Y+@0+2,R22
                 	STD  Y+@0+3,R23
                 	.ENDM
                 
                 	.MACRO __PUTD2S
                 	STD  Y+@0,R26
                 	STD  Y+@0+1,R27
                 	STD  Y+@0+2,R24
                 	STD  Y+@0+3,R25
                 	.ENDM
                 
                 	.MACRO __PUTDZ2
                 	STD  Z+@0,R26
                 	STD  Z+@0+1,R27
                 	STD  Z+@0+2,R24
                 	STD  Z+@0+3,R25
                 	.ENDM
                 
                 	.MACRO __CLRD1S
                 	STD  Y+@0,R30
                 	STD  Y+@0+1,R30
                 	STD  Y+@0+2,R30
                 	STD  Y+@0+3,R30
                 	.ENDM
                 
                 	.MACRO __POINTB1MN
                 	LDI  R30,LOW(@0+(@1))
                 	.ENDM
                 
                 	.MACRO __POINTW1MN
                 	LDI  R30,LOW(@0+(@1))
                 	LDI  R31,HIGH(@0+(@1))
                 	.ENDM
                 
                 	.MACRO __POINTD1M
                 	LDI  R30,LOW(@0)
                 	LDI  R31,HIGH(@0)
                 	LDI  R22,BYTE3(@0)
                 	LDI  R23,BYTE4(@0)
                 	.ENDM
                 
                 	.MACRO __POINTW1FN
                 	LDI  R30,LOW(2*@0+(@1))
                 	LDI  R31,HIGH(2*@0+(@1))
                 	.ENDM
                 
                 	.MACRO __POINTD1FN
                 	LDI  R30,LOW(2*@0+(@1))
                 	LDI  R31,HIGH(2*@0+(@1))
                 	LDI  R22,BYTE3(2*@0+(@1))
                 	LDI  R23,BYTE4(2*@0+(@1))
                 	.ENDM
                 
                 	.MACRO __POINTB2MN
                 	LDI  R26,LOW(@0+(@1))
                 	.ENDM
                 
                 	.MACRO __POINTW2MN
                 	LDI  R26,LOW(@0+(@1))
                 	LDI  R27,HIGH(@0+(@1))
                 	.ENDM
                 
                 	.MACRO __POINTW2FN
                 	LDI  R26,LOW(2*@0+(@1))
                 	LDI  R27,HIGH(2*@0+(@1))
                 	.ENDM
                 
                 	.MACRO __POINTD2FN
                 	LDI  R26,LOW(2*@0+(@1))
                 	LDI  R27,HIGH(2*@0+(@1))
                 	LDI  R24,BYTE3(2*@0+(@1))
                 	LDI  R25,BYTE4(2*@0+(@1))
                 	.ENDM
                 
                 	.MACRO __POINTBRM
                 	LDI  R@0,LOW(@1)
                 	.ENDM
                 
                 	.MACRO __POINTWRM
                 	LDI  R@0,LOW(@2)
                 	LDI  R@1,HIGH(@2)
                 	.ENDM
                 
                 	.MACRO __POINTBRMN
                 	LDI  R@0,LOW(@1+(@2))
                 	.ENDM
                 
                 	.MACRO __POINTWRMN
                 	LDI  R@0,LOW(@2+(@3))
                 	LDI  R@1,HIGH(@2+(@3))
                 	.ENDM
                 
                 	.MACRO __POINTWRFN
                 	LDI  R@0,LOW(@2*2+(@3))
                 	LDI  R@1,HIGH(@2*2+(@3))
                 	.ENDM
                 
                 	.MACRO __GETD1N
                 	LDI  R30,LOW(@0)
                 	LDI  R31,HIGH(@0)
                 	LDI  R22,BYTE3(@0)
                 	LDI  R23,BYTE4(@0)
                 	.ENDM
                 
                 	.MACRO __GETD2N
                 	LDI  R26,LOW(@0)
                 	LDI  R27,HIGH(@0)
                 	LDI  R24,BYTE3(@0)
                 	LDI  R25,BYTE4(@0)
                 	.ENDM
                 
                 	.MACRO __GETB1MN
                 	LDS  R30,@0+(@1)
                 	.ENDM
                 
                 	.MACRO __GETB1HMN
                 	LDS  R31,@0+(@1)
                 	.ENDM
                 
                 	.MACRO __GETW1MN
                 	LDS  R30,@0+(@1)
                 	LDS  R31,@0+(@1)+1
                 	.ENDM
                 
                 	.MACRO __GETD1MN
                 	LDS  R30,@0+(@1)
                 	LDS  R31,@0+(@1)+1
                 	LDS  R22,@0+(@1)+2
                 	LDS  R23,@0+(@1)+3
                 	.ENDM
                 
                 	.MACRO __GETBRMN
                 	LDS  R@0,@1+(@2)
                 	.ENDM
                 
                 	.MACRO __GETWRMN
                 	LDS  R@0,@2+(@3)
                 	LDS  R@1,@2+(@3)+1
                 	.ENDM
                 
                 	.MACRO __GETWRZ
                 	LDD  R@0,Z+@2
                 	LDD  R@1,Z+@2+1
                 	.ENDM
                 
                 	.MACRO __GETD2Z
                 	LDD  R26,Z+@0
                 	LDD  R27,Z+@0+1
                 	LDD  R24,Z+@0+2
                 	LDD  R25,Z+@0+3
                 	.ENDM
                 
                 	.MACRO __GETB2MN
                 	LDS  R26,@0+(@1)
                 	.ENDM
                 
                 	.MACRO __GETW2MN
                 	LDS  R26,@0+(@1)
                 	LDS  R27,@0+(@1)+1
                 	.ENDM
                 
                 	.MACRO __GETD2MN
                 	LDS  R26,@0+(@1)
                 	LDS  R27,@0+(@1)+1
                 	LDS  R24,@0+(@1)+2
                 	LDS  R25,@0+(@1)+3
                 	.ENDM
                 
                 	.MACRO __PUTB1MN
                 	STS  @0+(@1),R30
                 	.ENDM
                 
                 	.MACRO __PUTW1MN
                 	STS  @0+(@1),R30
                 	STS  @0+(@1)+1,R31
                 	.ENDM
                 
                 	.MACRO __PUTD1MN
                 	STS  @0+(@1),R30
                 	STS  @0+(@1)+1,R31
                 	STS  @0+(@1)+2,R22
                 	STS  @0+(@1)+3,R23
                 	.ENDM
                 
                 	.MACRO __PUTB1EN
                 	LDI  R26,LOW(@0+(@1))
                 	LDI  R27,HIGH(@0+(@1))
                 	RCALL __EEPROMWRB
                 	.ENDM
                 
                 	.MACRO __PUTW1EN
                 	LDI  R26,LOW(@0+(@1))
                 	LDI  R27,HIGH(@0+(@1))
                 	RCALL __EEPROMWRW
                 	.ENDM
                 
                 	.MACRO __PUTD1EN
                 	LDI  R26,LOW(@0+(@1))
                 	LDI  R27,HIGH(@0+(@1))
                 	RCALL __EEPROMWRD
                 	.ENDM
                 
                 	.MACRO __PUTBR0MN
                 	STS  @0+(@1),R0
                 	.ENDM
                 
                 	.MACRO __PUTBMRN
                 	STS  @0+(@1),R@2
                 	.ENDM
                 
                 	.MACRO __PUTWMRN
                 	STS  @0+(@1),R@2
                 	STS  @0+(@1)+1,R@3
                 	.ENDM
                 
                 	.MACRO __PUTBZR
                 	STD  Z+@1,R@0
                 	.ENDM
                 
                 	.MACRO __PUTWZR
                 	STD  Z+@2,R@0
                 	STD  Z+@2+1,R@1
                 	.ENDM
                 
                 	.MACRO __GETW1R
                 	MOV  R30,R@0
                 	MOV  R31,R@1
                 	.ENDM
                 
                 	.MACRO __GETW2R
                 	MOV  R26,R@0
                 	MOV  R27,R@1
                 	.ENDM
                 
                 	.MACRO __GETWRN
                 	LDI  R@0,LOW(@2)
                 	LDI  R@1,HIGH(@2)
                 	.ENDM
                 
                 	.MACRO __PUTW1R
                 	MOV  R@0,R30
                 	MOV  R@1,R31
                 	.ENDM
                 
                 	.MACRO __PUTW2R
                 	MOV  R@0,R26
                 	MOV  R@1,R27
                 	.ENDM
                 
                 	.MACRO __ADDWRN
                 	SUBI R@0,LOW(-@2)
                 	SBCI R@1,HIGH(-@2)
                 	.ENDM
                 
                 	.MACRO __ADDWRR
                 	ADD  R@0,R@2
                 	ADC  R@1,R@3
                 	.ENDM
                 
                 	.MACRO __SUBWRN
                 	SUBI R@0,LOW(@2)
                 	SBCI R@1,HIGH(@2)
                 	.ENDM
                 
                 	.MACRO __SUBWRR
                 	SUB  R@0,R@2
                 	SBC  R@1,R@3
                 	.ENDM
                 
                 	.MACRO __ANDWRN
                 	ANDI R@0,LOW(@2)
                 	ANDI R@1,HIGH(@2)
                 	.ENDM
                 
                 	.MACRO __ANDWRR
                 	AND  R@0,R@2
                 	AND  R@1,R@3
                 	.ENDM
                 
                 	.MACRO __ORWRN
                 	ORI  R@0,LOW(@2)
                 	ORI  R@1,HIGH(@2)
                 	.ENDM
                 
                 	.MACRO __ORWRR
                 	OR   R@0,R@2
                 	OR   R@1,R@3
                 	.ENDM
                 
                 	.MACRO __EORWRR
                 	EOR  R@0,R@2
                 	EOR  R@1,R@3
                 	.ENDM
                 
                 	.MACRO __GETWRS
                 	LDD  R@0,Y+@2
                 	LDD  R@1,Y+@2+1
                 	.ENDM
                 
                 	.MACRO __PUTBSR
                 	STD  Y+@1,R@0
                 	.ENDM
                 
                 	.MACRO __PUTWSR
                 	STD  Y+@2,R@0
                 	STD  Y+@2+1,R@1
                 	.ENDM
                 
                 	.MACRO __MOVEWRR
                 	MOV  R@0,R@2
                 	MOV  R@1,R@3
                 	.ENDM
                 
                 	.MACRO __INWR
                 	IN   R@0,@2
                 	IN   R@1,@2+1
                 	.ENDM
                 
                 	.MACRO __OUTWR
                 	OUT  @2+1,R@1
                 	OUT  @2,R@0
                 	.ENDM
                 
                 	.MACRO __CALL1MN
                 	LDS  R30,@0+(@1)
                 	LDS  R31,@0+(@1)+1
                 	ICALL
                 	.ENDM
                 
                 	.MACRO __CALL1FN
                 	LDI  R30,LOW(2*@0+(@1))
                 	LDI  R31,HIGH(2*@0+(@1))
                 	RCALL __GETW1PF
                 	ICALL
                 	.ENDM
                 
                 	.MACRO __CALL2EN
                 	PUSH R26
                 	PUSH R27
                 	LDI  R26,LOW(@0+(@1))
                 	LDI  R27,HIGH(@0+(@1))
                 	RCALL __EEPROMRDW
                 	POP  R27
                 	POP  R26
                 	ICALL
                 	.ENDM
                 
                 	.MACRO __CALL2EX
                 	SUBI R26,LOW(-@0)
                 	SBCI R27,HIGH(-@0)
                 	RCALL __EEPROMRDD
                 	ICALL
                 	.ENDM
                 
                 	.MACRO __GETW1STACK
                 	IN   R30,SPL
                 	IN   R31,SPH
                 	ADIW R30,@0+1
                 	LD   R0,Z+
                 	LD   R31,Z
                 	MOV  R30,R0
                 	.ENDM
                 
                 	.MACRO __GETD1STACK
                 	IN   R30,SPL
                 	IN   R31,SPH
                 	ADIW R30,@0+1
                 	LD   R0,Z+
                 	LD   R1,Z+
                 	LD   R22,Z
                 	MOVW R30,R0
                 	.ENDM
                 
                 	.MACRO __NBST
                 	BST  R@0,@1
                 	IN   R30,SREG
                 	LDI  R31,0x40
                 	EOR  R30,R31
                 	OUT  SREG,R30
                 	.ENDM
                 
                 
                 	.MACRO __PUTB1SN
                 	LDD  R26,Y+@0
                 	LDD  R27,Y+@0+1
                 	SUBI R26,LOW(-@1)
                 	SBCI R27,HIGH(-@1)
                 	ST   X,R30
                 	.ENDM
                 
                 	.MACRO __PUTW1SN
                 	LDD  R26,Y+@0
                 	LDD  R27,Y+@0+1
                 	SUBI R26,LOW(-@1)
                 	SBCI R27,HIGH(-@1)
                 	ST   X+,R30
                 	ST   X,R31
                 	.ENDM
                 
                 	.MACRO __PUTD1SN
                 	LDD  R26,Y+@0
                 	LDD  R27,Y+@0+1
                 	SUBI R26,LOW(-@1)
                 	SBCI R27,HIGH(-@1)
                 	RCALL __PUTDP1
                 	.ENDM
                 
                 	.MACRO __PUTB1SNS
                 	LDD  R26,Y+@0
                 	LDD  R27,Y+@0+1
                 	ADIW R26,@1
                 	ST   X,R30
                 	.ENDM
                 
                 	.MACRO __PUTW1SNS
                 	LDD  R26,Y+@0
                 	LDD  R27,Y+@0+1
                 	ADIW R26,@1
                 	ST   X+,R30
                 	ST   X,R31
                 	.ENDM
                 
                 	.MACRO __PUTD1SNS
                 	LDD  R26,Y+@0
                 	LDD  R27,Y+@0+1
                 	ADIW R26,@1
                 	RCALL __PUTDP1
                 	.ENDM
                 
                 	.MACRO __PUTB1PMN
                 	LDS  R26,@0
                 	LDS  R27,@0+1
                 	SUBI R26,LOW(-@1)
                 	SBCI R27,HIGH(-@1)
                 	ST   X,R30
                 	.ENDM
                 
                 	.MACRO __PUTW1PMN
                 	LDS  R26,@0
                 	LDS  R27,@0+1
                 	SUBI R26,LOW(-@1)
                 	SBCI R27,HIGH(-@1)
                 	ST   X+,R30
                 	ST   X,R31
                 	.ENDM
                 
                 	.MACRO __PUTD1PMN
                 	LDS  R26,@0
                 	LDS  R27,@0+1
                 	SUBI R26,LOW(-@1)
                 	SBCI R27,HIGH(-@1)
                 	RCALL __PUTDP1
                 	.ENDM
                 
                 	.MACRO __PUTB1PMNS
                 	LDS  R26,@0
                 	LDS  R27,@0+1
                 	ADIW R26,@1
                 	ST   X,R30
                 	.ENDM
                 
                 	.MACRO __PUTW1PMNS
                 	LDS  R26,@0
                 	LDS  R27,@0+1
                 	ADIW R26,@1
                 	ST   X+,R30
                 	ST   X,R31
                 	.ENDM
                 
                 	.MACRO __PUTD1PMNS
                 	LDS  R26,@0
                 	LDS  R27,@0+1
                 	ADIW R26,@1
                 	RCALL __PUTDP1
                 	.ENDM
                 
                 	.MACRO __PUTB1RN
                 	MOVW R26,R@0
                 	SUBI R26,LOW(-@1)
                 	SBCI R27,HIGH(-@1)
                 	ST   X,R30
                 	.ENDM
                 
                 	.MACRO __PUTW1RN
                 	MOVW R26,R@0
                 	SUBI R26,LOW(-@1)
                 	SBCI R27,HIGH(-@1)
                 	ST   X+,R30
                 	ST   X,R31
                 	.ENDM
                 
                 	.MACRO __PUTD1RN
                 	MOVW R26,R@0
                 	SUBI R26,LOW(-@1)
                 	SBCI R27,HIGH(-@1)
                 	RCALL __PUTDP1
                 	.ENDM
                 
                 	.MACRO __PUTB1RNS
                 	MOVW R26,R@0
                 	ADIW R26,@1
                 	ST   X,R30
                 	.ENDM
                 
                 	.MACRO __PUTW1RNS
                 	MOVW R26,R@0
                 	ADIW R26,@1
                 	ST   X+,R30
                 	ST   X,R31
                 	.ENDM
                 
                 	.MACRO __PUTD1RNS
                 	MOVW R26,R@0
                 	ADIW R26,@1
                 	RCALL __PUTDP1
                 	.ENDM
                 
                 	.MACRO __PUTB1RON
                 	MOV  R26,R@0
                 	MOV  R27,R@1
                 	SUBI R26,LOW(-@2)
                 	SBCI R27,HIGH(-@2)
                 	ST   X,R30
                 	.ENDM
                 
                 	.MACRO __PUTW1RON
                 	MOV  R26,R@0
                 	MOV  R27,R@1
                 	SUBI R26,LOW(-@2)
                 	SBCI R27,HIGH(-@2)
                 	ST   X+,R30
                 	ST   X,R31
                 	.ENDM
                 
                 	.MACRO __PUTD1RON
                 	MOV  R26,R@0
                 	MOV  R27,R@1
                 	SUBI R26,LOW(-@2)
                 	SBCI R27,HIGH(-@2)
                 	RCALL __PUTDP1
                 	.ENDM
                 
                 	.MACRO __PUTB1RONS
                 	MOV  R26,R@0
                 	MOV  R27,R@1
                 	ADIW R26,@2
                 	ST   X,R30
                 	.ENDM
                 
                 	.MACRO __PUTW1RONS
                 	MOV  R26,R@0
                 	MOV  R27,R@1
                 	ADIW R26,@2
                 	ST   X+,R30
                 	ST   X,R31
                 	.ENDM
                 
                 	.MACRO __PUTD1RONS
                 	MOV  R26,R@0
                 	MOV  R27,R@1
                 	ADIW R26,@2
                 	RCALL __PUTDP1
                 	.ENDM
                 
                 
                 	.MACRO __GETB1SX
                 	MOVW R30,R28
                 	SUBI R30,LOW(-@0)
                 	SBCI R31,HIGH(-@0)
                 	LD   R30,Z
                 	.ENDM
                 
                 	.MACRO __GETB1HSX
                 	MOVW R30,R28
                 	SUBI R30,LOW(-@0)
                 	SBCI R31,HIGH(-@0)
                 	LD   R31,Z
                 	.ENDM
                 
                 	.MACRO __GETW1SX
                 	MOVW R30,R28
                 	SUBI R30,LOW(-@0)
                 	SBCI R31,HIGH(-@0)
                 	LD   R0,Z+
                 	LD   R31,Z
                 	MOV  R30,R0
                 	.ENDM
                 
                 	.MACRO __GETD1SX
                 	MOVW R30,R28
                 	SUBI R30,LOW(-@0)
                 	SBCI R31,HIGH(-@0)
                 	LD   R0,Z+
                 	LD   R1,Z+
                 	LD   R22,Z+
                 	LD   R23,Z
                 	MOVW R30,R0
                 	.ENDM
                 
                 	.MACRO __GETB2SX
                 	MOVW R26,R28
                 	SUBI R26,LOW(-@0)
                 	SBCI R27,HIGH(-@0)
                 	LD   R26,X
                 	.ENDM
                 
                 	.MACRO __GETW2SX
                 	MOVW R26,R28
                 	SUBI R26,LOW(-@0)
                 	SBCI R27,HIGH(-@0)
                 	LD   R0,X+
                 	LD   R27,X
                 	MOV  R26,R0
                 	.ENDM
                 
                 	.MACRO __GETD2SX
                 	MOVW R26,R28
                 	SUBI R26,LOW(-@0)
                 	SBCI R27,HIGH(-@0)
                 	LD   R0,X+
                 	LD   R1,X+
                 	LD   R24,X+
                 	LD   R25,X
                 	MOVW R26,R0
                 	.ENDM
                 
                 	.MACRO __GETBRSX
                 	MOVW R30,R28
                 	SUBI R30,LOW(-@1)
                 	SBCI R31,HIGH(-@1)
                 	LD   R@0,Z
                 	.ENDM
                 
                 	.MACRO __GETWRSX
                 	MOVW R30,R28
                 	SUBI R30,LOW(-@2)
                 	SBCI R31,HIGH(-@2)
                 	LD   R@0,Z+
                 	LD   R@1,Z
                 	.ENDM
                 
                 	.MACRO __GETBRSX2
                 	MOVW R26,R28
                 	SUBI R26,LOW(-@1)
                 	SBCI R27,HIGH(-@1)
                 	LD   R@0,X
                 	.ENDM
                 
                 	.MACRO __GETWRSX2
                 	MOVW R26,R28
                 	SUBI R26,LOW(-@2)
                 	SBCI R27,HIGH(-@2)
                 	LD   R@0,X+
                 	LD   R@1,X
                 	.ENDM
                 
                 	.MACRO __LSLW8SX
                 	MOVW R30,R28
                 	SUBI R30,LOW(-@0)
                 	SBCI R31,HIGH(-@0)
                 	LD   R31,Z
                 	CLR  R30
                 	.ENDM
                 
                 	.MACRO __PUTB1SX
                 	MOVW R26,R28
                 	SUBI R26,LOW(-@0)
                 	SBCI R27,HIGH(-@0)
                 	ST   X,R30
                 	.ENDM
                 
                 	.MACRO __PUTW1SX
                 	MOVW R26,R28
                 	SUBI R26,LOW(-@0)
                 	SBCI R27,HIGH(-@0)
                 	ST   X+,R30
                 	ST   X,R31
                 	.ENDM
                 
                 	.MACRO __PUTD1SX
                 	MOVW R26,R28
                 	SUBI R26,LOW(-@0)
                 	SBCI R27,HIGH(-@0)
                 	ST   X+,R30
                 	ST   X+,R31
                 	ST   X+,R22
                 	ST   X,R23
                 	.ENDM
                 
                 	.MACRO __CLRW1SX
                 	MOVW R26,R28
                 	SUBI R26,LOW(-@0)
                 	SBCI R27,HIGH(-@0)
                 	ST   X+,R30
                 	ST   X,R30
                 	.ENDM
                 
                 	.MACRO __CLRD1SX
                 	MOVW R26,R28
                 	SUBI R26,LOW(-@0)
                 	SBCI R27,HIGH(-@0)
                 	ST   X+,R30
                 	ST   X+,R30
                 	ST   X+,R30
                 	ST   X,R30
                 	.ENDM
                 
                 	.MACRO __PUTB2SX
                 	MOVW R30,R28
                 	SUBI R30,LOW(-@0)
                 	SBCI R31,HIGH(-@0)
                 	ST   Z,R26
                 	.ENDM
                 
                 	.MACRO __PUTW2SX
                 	MOVW R30,R28
                 	SUBI R30,LOW(-@0)
                 	SBCI R31,HIGH(-@0)
                 	ST   Z+,R26
                 	ST   Z,R27
                 	.ENDM
                 
                 	.MACRO __PUTD2SX
                 	MOVW R30,R28
                 	SUBI R30,LOW(-@0)
                 	SBCI R31,HIGH(-@0)
                 	ST   Z+,R26
                 	ST   Z+,R27
                 	ST   Z+,R24
                 	ST   Z,R25
                 	.ENDM
                 
                 	.MACRO __PUTBSRX
                 	MOVW R30,R28
                 	SUBI R30,LOW(-@1)
                 	SBCI R31,HIGH(-@1)
                 	ST   Z,R@0
                 	.ENDM
                 
                 	.MACRO __PUTWSRX
                 	MOVW R30,R28
                 	SUBI R30,LOW(-@2)
                 	SBCI R31,HIGH(-@2)
                 	ST   Z+,R@0
                 	ST   Z,R@1
                 	.ENDM
                 
                 	.MACRO __PUTB1SNX
                 	MOVW R26,R28
                 	SUBI R26,LOW(-@0)
                 	SBCI R27,HIGH(-@0)
                 	LD   R0,X+
                 	LD   R27,X
                 	MOV  R26,R0
                 	SUBI R26,LOW(-@1)
                 	SBCI R27,HIGH(-@1)
                 	ST   X,R30
                 	.ENDM
                 
                 	.MACRO __PUTW1SNX
                 	MOVW R26,R28
                 	SUBI R26,LOW(-@0)
                 	SBCI R27,HIGH(-@0)
                 	LD   R0,X+
                 	LD   R27,X
                 	MOV  R26,R0
                 	SUBI R26,LOW(-@1)
                 	SBCI R27,HIGH(-@1)
                 	ST   X+,R30
                 	ST   X,R31
                 	.ENDM
                 
                 	.MACRO __PUTD1SNX
                 	MOVW R26,R28
                 	SUBI R26,LOW(-@0)
                 	SBCI R27,HIGH(-@0)
                 	LD   R0,X+
                 	LD   R27,X
                 	MOV  R26,R0
                 	SUBI R26,LOW(-@1)
                 	SBCI R27,HIGH(-@1)
                 	ST   X+,R30
                 	ST   X+,R31
                 	ST   X+,R22
                 	ST   X,R23
                 	.ENDM
                 
                 	.MACRO __MULBRR
                 	MULS R@0,R@1
                 	MOVW R30,R0
                 	.ENDM
                 
                 	.MACRO __MULBRRU
                 	MUL  R@0,R@1
                 	MOVW R30,R0
                 	.ENDM
                 
                 	.MACRO __MULBRR0
                 	MULS R@0,R@1
                 	.ENDM
                 
                 	.MACRO __MULBRRU0
                 	MUL  R@0,R@1
                 	.ENDM
                 
                 	.MACRO __MULBNWRU
                 	LDI  R26,@2
                 	MUL  R26,R@0
                 	MOVW R30,R0
                 	MUL  R26,R@1
                 	ADD  R31,R0
                 	.ENDM
                 
                 ;NAME DEFINITIONS FOR GLOBAL VARIABLES ALLOCATED TO REGISTERS
                 	.DEF __lcd_x=R5
                 	.DEF __lcd_y=R4
                 	.DEF __lcd_maxx=R7
                 
                 	.CSEG
                 	.ORG 0x00
                 
                 ;START OF CODE MARKER
                 __START_OF_CODE:
                 
                 ;INTERRUPT VECTORS
000000 c01e      	RJMP __RESET
000001 cffe      	RJMP 0x00
000002 cffd      	RJMP 0x00
000003 cffc      	RJMP 0x00
000004 cffb      	RJMP 0x00
000005 cffa      	RJMP 0x00
000006 cff9      	RJMP 0x00
000007 cff8      	RJMP 0x00
000008 cff7      	RJMP 0x00
000009 cff6      	RJMP 0x00
00000a cff5      	RJMP 0x00
00000b cff4      	RJMP 0x00
00000c cff3      	RJMP 0x00
00000d cff2      	RJMP 0x00
00000e cff1      	RJMP 0x00
00000f cff0      	RJMP 0x00
000010 cfef      	RJMP 0x00
000011 cfee      	RJMP 0x00
000012 cfed      	RJMP 0x00
000013 cfec      	RJMP 0x00
000014 cfeb      	RJMP 0x00
                 
                 _0x0:
000015 6554
000016 7473
000017 6420
000018 786d      	.DB  0x54,0x65,0x73,0x74,0x20,0x64,0x6D,0x78
C:\PROJET groupe TB7\0\essai-dmx-envoi\Debug\List\essai-dmx-envoi.asm(1121): warning: .cseg .db misalignment - padding zero byte
000019 0000      	.DB  0x0
                 _0x2000003:
00001a c080      	.DB  0x80,0xC0
                 
                 __GLOBAL_INI_TBL:
00001b 0002      	.DW  0x02
00001c 00e6      	.DW  __base_y_G100
00001d 0034      	.DW  _0x2000003*2
                 
                 _0xFFFFFFFF:
00001e 0000      	.DW  0
                 
                 #define __GLOBAL_INI_TBL_PRESENT 1
                 
                 __RESET:
00001f 94f8      	CLI
000020 27ee      	CLR  R30
000021 bbec      	OUT  EECR,R30
                 
                 ;INTERRUPT VECTORS ARE PLACED
                 ;AT THE START OF FLASH
000022 e0f1      	LDI  R31,1
000023 bffb      	OUT  GICR,R31
000024 bfeb      	OUT  GICR,R30
000025 bfe5      	OUT  MCUCR,R30
                 
                 ;CLEAR R2-R14
000026 e08d      	LDI  R24,(14-2)+1
000027 e0a2      	LDI  R26,2
000028 27bb      	CLR  R27
                 __CLEAR_REG:
000029 93ed      	ST   X+,R30
00002a 958a      	DEC  R24
00002b f7e9      	BRNE __CLEAR_REG
                 
                 ;CLEAR SRAM
00002c e080      	LDI  R24,LOW(__CLEAR_SRAM_SIZE)
00002d e092      	LDI  R25,HIGH(__CLEAR_SRAM_SIZE)
00002e e6a0      	LDI  R26,__SRAM_START
                 __CLEAR_SRAM:
00002f 93ed      	ST   X+,R30
000030 9701      	SBIW R24,1
000031 f7e9      	BRNE __CLEAR_SRAM
                 
                 ;GLOBAL VARIABLES INITIALIZATION
000032 e3e6      	LDI  R30,LOW(__GLOBAL_INI_TBL*2)
000033 e0f0      	LDI  R31,HIGH(__GLOBAL_INI_TBL*2)
                 __GLOBAL_INI_NEXT:
000034 9185      	LPM  R24,Z+
000035 9195      	LPM  R25,Z+
000036 9700      	SBIW R24,0
000037 f061      	BREQ __GLOBAL_INI_END
000038 91a5      	LPM  R26,Z+
000039 91b5      	LPM  R27,Z+
00003a 9005      	LPM  R0,Z+
00003b 9015      	LPM  R1,Z+
00003c 01bf      	MOVW R22,R30
00003d 01f0      	MOVW R30,R0
                 __GLOBAL_INI_LOOP:
00003e 9005      	LPM  R0,Z+
00003f 920d      	ST   X+,R0
000040 9701      	SBIW R24,1
000041 f7e1      	BRNE __GLOBAL_INI_LOOP
000042 01fb      	MOVW R30,R22
000043 cff0      	RJMP __GLOBAL_INI_NEXT
                 __GLOBAL_INI_END:
                 
                 ;HARDWARE STACK POINTER INITIALIZATION
000044 e5ef      	LDI  R30,LOW(__SRAM_END-__HEAP_SIZE)
000045 bfed      	OUT  SPL,R30
000046 e0e2      	LDI  R30,HIGH(__SRAM_END-__HEAP_SIZE)
000047 bfee      	OUT  SPH,R30
                 
                 ;DATA STACK POINTER INITIALIZATION
000048 eec0      	LDI  R28,LOW(__SRAM_START+__DSTACK_SIZE)
000049 e0d0      	LDI  R29,HIGH(__SRAM_START+__DSTACK_SIZE)
                 
00004a c057      	RJMP _main
                 
                 	.ESEG
                 	.ORG 0
                 
                 	.DSEG
                 	.ORG 0xE0
                 
                 	.CSEG
                 ;/*
                 ; * essai-dmx-envoi.c
                 ; *
                 ; * Created: 21/05/2018 19:51:29
                 ; * Author: durant
                 ; */
                 ;
                 ;// dmx.c
                 ;// fonctions d'envoi sur le dmx
                 ;
                 ;#include <mega8535.h>
                 	#ifndef __SLEEP_DEFINED__
                 	#define __SLEEP_DEFINED__
                 	.EQU __se_bit=0x40
                 	.EQU __sm_mask=0xB0
                 	.EQU __sm_powerdown=0x20
                 	.EQU __sm_powersave=0x30
                 	.EQU __sm_standby=0xA0
                 	.EQU __sm_ext_standby=0xB0
                 	.EQU __sm_adc_noise_red=0x10
                 	.SET power_ctrl_reg=mcucr
                 	#endif
                 ;#include <delay.h>
                 ;#include <alcd.h>
                 ;
                 ;char tabEnvoiDmx[6];      // start-code + 5 canaux dmx
                 ;
                 ;void initDmx( void ) {
                 ; 0000 0011 void initDmx( void ) {
                 
                 	.CSEG
                 _initDmx:
                 ; .FSTART _initDmx
                 ; 0000 0012     char i;
                 ; 0000 0013     DDRD ='\x02';
00004b 931a      	ST   -Y,R17
                 ;	i -> R17
00004c e0e2      	LDI  R30,LOW(2)
00004d bbe1      	OUT  0x11,R30
                 ; 0000 0014     PORTD='\x02';                   // pour dmx etat repos
00004e bbe2      	OUT  0x12,R30
                 ; 0000 0015     for( i=0; i<7; i++)           // raz tabEnvoiDmx
00004f e010      	LDI  R17,LOW(0)
                 _0x4:
000050 3017      	CPI  R17,7
000051 f428      	BRSH _0x5
                 ; 0000 0016         tabEnvoiDmx[i]='\0';
000052 d0e0      	RCALL SUBOPT_0x0
000053 e0a0      	LDI  R26,LOW(0)
000054 83a0      	STD  Z+0,R26
000055 5f1f      	SUBI R17,-1
000056 cff9      	RJMP _0x4
                 _0x5:
                 ; 0000 0017 }
000057 c0d9      	RJMP _0x2020001
                 ; .FEND
                 ;
                 ;void initPortSerieDmx( void ) {
                 ; 0000 0019 void initPortSerieDmx( void ) {
                 _initPortSerieDmx:
                 ; .FSTART _initPortSerieDmx
                 ; 0000 001A     UCSRB='\x08';           // active transmission
000058 e0e8      	LDI  R30,LOW(8)
000059 b9ea      	OUT  0xA,R30
                 ; 0000 001B     UCSRC='\x8E';           // asynchrone 2 bits de stop 8 bits de données
00005a e8ee      	LDI  R30,LOW(142)
00005b bde0      	OUT  0x20,R30
                 ; 0000 001C     UBRRH='\x00';
00005c e0e0      	LDI  R30,LOW(0)
00005d bde0      	OUT  0x20,R30
                 ; 0000 001D     UBRRL='\x03';           // 0x03 = 250000 Bauds
00005e e0e3      	LDI  R30,LOW(3)
00005f b9e9      	OUT  0x9,R30
                 ; 0000 001E }
000060 9508      	RET
                 ; .FEND
                 ;
                 ;void debutTrameDmx( void ) {
                 ; 0000 0020 void debutTrameDmx( void ) {
                 _debutTrameDmx:
                 ; .FSTART _debutTrameDmx
                 ; 0000 0021     UCSRB='\x00';           // disable Tx port serie pour avoir controle port D
000061 e0e0      	LDI  R30,LOW(0)
000062 b9ea      	OUT  0xA,R30
                 ; 0000 0022     PORTD='\x00';           // bit1 portD etait a 1 -> passe a 0
000063 bbe2      	OUT  0x12,R30
                 ; 0000 0023     delay_us(150);           // temps mini dmx break
                +
000064 e588     +LDI R24 , LOW ( 600 )
000065 e092     +LDI R25 , HIGH ( 600 )
                +__DELAY_USW_LOOP :
000066 9701     +SBIW R24 , 1
000067 f7f1     +BRNE __DELAY_USW_LOOP
                 	__DELAY_USW 600
                 ; 0000 0024     PORTD='\x02';           // bit1 portD passe a 1
000068 e0e2      	LDI  R30,LOW(2)
000069 bbe2      	OUT  0x12,R30
                 ; 0000 0025     delay_us(8);            // temps mini dmx mark after break
                +
00006a e28b     +LDI R24 , LOW ( 43 )
                +__DELAY_USB_LOOP :
00006b 958a     +DEC R24
00006c f7f1     +BRNE __DELAY_USB_LOOP
                 	__DELAY_USB 43
                 ; 0000 0026                             // pret pour envoi serie
                 ; 0000 0027 }
00006d 9508      	RET
                 ; .FEND
                 ;
                 ;void envoiTrameDmx( void ) {
                 ; 0000 0029 void envoiTrameDmx( void ) {
                 _envoiTrameDmx:
                 ; .FSTART _envoiTrameDmx
                 ; 0000 002A     char i;
                 ; 0000 002B 
                 ; 0000 002C     for( i=0; i<7; i++ ) {
00006e 931a      	ST   -Y,R17
                 ;	i -> R17
00006f e010      	LDI  R17,LOW(0)
                 _0x7:
000070 3017      	CPI  R17,7
000071 f438      	BRSH _0x8
                 ; 0000 002D         while ( !( UCSRA & (1<<UDRE)) )     // port serie dispo pour envoi ?
                 _0x9:
000072 9b5d      	SBIS 0xB,5
                 ; 0000 002E             ;                               // non alors attend
000073 cffe      	RJMP _0x9
                 ; 0000 002F         UDR = tabEnvoiDmx[i];               // oui alors charge la valeur dans port serie
000074 d0be      	RCALL SUBOPT_0x0
000075 81e0      	LD   R30,Z
000076 b9ec      	OUT  0xC,R30
                 ; 0000 0030     }
000077 5f1f      	SUBI R17,-1
000078 cff7      	RJMP _0x7
                 _0x8:
                 ; 0000 0031 }
000079 c0b7      	RJMP _0x2020001
                 ; .FEND
                 ;
                 ;void finTrameDmx( void ) {
                 ; 0000 0033 void finTrameDmx( void ) {
                 _finTrameDmx:
                 ; .FSTART _finTrameDmx
                 ; 0000 0034     UCSRB='\x00';           // arret port serie pour envoi
00007a e0e0      	LDI  R30,LOW(0)
00007b b9ea      	OUT  0xA,R30
                 ; 0000 0035     PORTD='\x02';           // passe le bit1 a 1 pour etat repos dmx fin de trame
00007c e0e2      	LDI  R30,LOW(2)
00007d bbe2      	OUT  0x12,R30
                 ; 0000 0036 }
00007e 9508      	RET
                 ; .FEND
                 ;
                 ;void envoiDmx( void ) {     // show must go on
                 ; 0000 0038 void envoiDmx( void ) {
                 _envoiDmx:
                 ; .FSTART _envoiDmx
                 ; 0000 0039     debutTrameDmx();
00007f dfe1      	RCALL _debutTrameDmx
                 ; 0000 003A     initPortSerieDmx();
000080 dfd7      	RCALL _initPortSerieDmx
                 ; 0000 003B     envoiTrameDmx();
000081 dfec      	RCALL _envoiTrameDmx
                 ; 0000 003C     finTrameDmx();
000082 dff7      	RCALL _finTrameDmx
                 ; 0000 003D }
000083 9508      	RET
                 ; .FEND
                 ;
                 ;void couleurDmx( char rouge, char vert, char bleu) {
                 ; 0000 003F void couleurDmx( char rouge, char vert, char bleu) {
                 _couleurDmx:
                 ; .FSTART _couleurDmx
                 ; 0000 0040     tabEnvoiDmx[0]='\0';    // toujours 0 pour start code dmx
000084 d0cc      	RCALL __SAVELOCR4
000085 2f1a      	MOV  R17,R26
000086 810c      	LDD  R16,Y+4
000087 813d      	LDD  R19,Y+5
                 ;	rouge -> R19
                 ;	vert -> R16
                 ;	bleu -> R17
000088 e0e0      	LDI  R30,LOW(0)
000089 93e0 00e0 	STS  _tabEnvoiDmx,R30
                 ; 0000 0041     tabEnvoiDmx[1]=rouge;
                +
00008b 9330 00e1+STS _tabEnvoiDmx + ( 1 ) , R19
                 	__PUTBMRN _tabEnvoiDmx,1,19
                 ; 0000 0042     tabEnvoiDmx[2]=vert;
                +
00008d 9300 00e2+STS _tabEnvoiDmx + ( 2 ) , R16
                 	__PUTBMRN _tabEnvoiDmx,2,16
                 ; 0000 0043     tabEnvoiDmx[3]=bleu;
                +
00008f 9310 00e3+STS _tabEnvoiDmx + ( 3 ) , R17
                 	__PUTBMRN _tabEnvoiDmx,3,17
                 ; 0000 0044     envoiDmx();
000091 dfed      	RCALL _envoiDmx
                 ; 0000 0045     lcd_putchar( '.' );
000092 e2ae      	LDI  R26,LOW(46)
000093 d052      	RCALL _lcd_putchar
                 ; 0000 0046 }
000094 d0c1      	RCALL __LOADLOCR4
000095 9626      	ADIW R28,6
000096 9508      	RET
                 ; .FEND
                 ;
                 ;
                 ;void initLCD( void ) {
                 ; 0000 0049 void initLCD( void ) {
                 _initLCD:
                 ; .FSTART _initLCD
                 ; 0000 004A     PORTA=0x00;         // lcd sur le port A
000097 e0e0      	LDI  R30,LOW(0)
000098 bbeb      	OUT  0x1B,R30
                 ; 0000 004B     DDRA=0xFF;
000099 efef      	LDI  R30,LOW(255)
00009a bbea      	OUT  0x1A,R30
                 ; 0000 004C     lcd_init(16);
00009b e1a0      	LDI  R26,LOW(16)
00009c d06b      	RCALL _lcd_init
                 ; 0000 004D     lcd_clear();
00009d d03e      	RCALL _lcd_clear
                 ; 0000 004E     lcd_putsf( "Test dmx" );
                +
00009e e2aa     +LDI R26 , LOW ( 2 * _0x0 + ( 0 ) )
00009f e0b0     +LDI R27 , HIGH ( 2 * _0x0 + ( 0 ) )
                 	__POINTW2FN _0x0,0
0000a0 d058      	RCALL _lcd_putsf
                 ; 0000 004F }
0000a1 9508      	RET
                 ; .FEND
                 ;
                 ;void main(void) {
                 ; 0000 0051 void main(void) {
                 _main:
                 ; .FSTART _main
                 ; 0000 0052     initLCD();
0000a2 dff4      	RCALL _initLCD
                 ; 0000 0053     initDmx();
0000a3 dfa7      	RCALL _initDmx
                 ; 0000 0054     while( 1 ) {
                 _0xC:
                 ; 0000 0055         couleurDmx( '\xFF', '\x00', '\xFF' );
0000a4 efef      	LDI  R30,LOW(255)
0000a5 93ea      	ST   -Y,R30
0000a6 e0e0      	LDI  R30,LOW(0)
0000a7 93ea      	ST   -Y,R30
0000a8 efaf      	LDI  R26,LOW(255)
0000a9 dfda      	RCALL _couleurDmx
                 ; 0000 0056         delay_ms(500);
0000aa efa4      	LDI  R26,LOW(500)
0000ab e0b1      	LDI  R27,HIGH(500)
0000ac d09a      	RCALL _delay_ms
                 ; 0000 0057     }
0000ad cff6      	RJMP _0xC
                 ; 0000 0058 }
                 _0xF:
0000ae cfff      	RJMP _0xF
                 ; .FEND
                 	#ifndef __SLEEP_DEFINED__
                 	#endif
                 
                 	.DSEG
                 
                 	.CSEG
                 __lcd_write_nibble_G100:
                 ; .FSTART __lcd_write_nibble_G100
0000af 931a      	ST   -Y,R17
0000b0 2f1a      	MOV  R17,R26
0000b1 b3eb      	IN   R30,0x1B
0000b2 70ef      	ANDI R30,LOW(0xF)
0000b3 2fae      	MOV  R26,R30
0000b4 2fe1      	MOV  R30,R17
0000b5 7fe0      	ANDI R30,LOW(0xF0)
0000b6 2bea      	OR   R30,R26
0000b7 bbeb      	OUT  0x1B,R30
0000b8 d07f      	RCALL SUBOPT_0x1
0000b9 9ada      	SBI  0x1B,2
0000ba d07d      	RCALL SUBOPT_0x1
0000bb 98da      	CBI  0x1B,2
0000bc d07b      	RCALL SUBOPT_0x1
0000bd c073      	RJMP _0x2020001
                 ; .FEND
                 __lcd_write_data:
                 ; .FSTART __lcd_write_data
0000be 93aa      	ST   -Y,R26
0000bf 81a8      	LD   R26,Y
0000c0 dfee      	RCALL __lcd_write_nibble_G100
0000c1 81e8          ld    r30,y
0000c2 95e2          swap  r30
0000c3 83e8          st    y,r30
0000c4 81a8      	LD   R26,Y
0000c5 dfe9      	RCALL __lcd_write_nibble_G100
                +
0000c6 ec88     +LDI R24 , LOW ( 200 )
0000c7 e090     +LDI R25 , HIGH ( 200 )
                +__DELAY_USW_LOOP :
0000c8 9701     +SBIW R24 , 1
0000c9 f7f1     +BRNE __DELAY_USW_LOOP
                 	__DELAY_USW 200
0000ca 9621      	ADIW R28,1
0000cb 9508      	RET
                 ; .FEND
                 _lcd_gotoxy:
                 ; .FSTART _lcd_gotoxy
0000cc d086      	RCALL __SAVELOCR2
0000cd 2f1a      	MOV  R17,R26
0000ce 810a      	LDD  R16,Y+2
0000cf 2fe1      	MOV  R30,R17
0000d0 e0f0      	LDI  R31,0
0000d1 51ea      	SUBI R30,LOW(-__base_y_G100)
0000d2 4fff      	SBCI R31,HIGH(-__base_y_G100)
0000d3 81e0      	LD   R30,Z
0000d4 0fe0      	ADD  R30,R16
0000d5 2fae      	MOV  R26,R30
0000d6 dfe7      	RCALL __lcd_write_data
0000d7 2e50      	MOV  R5,R16
0000d8 2e41      	MOV  R4,R17
0000d9 d07e      	RCALL __LOADLOCR2
0000da 9623      	ADIW R28,3
0000db 9508      	RET
                 ; .FEND
                 _lcd_clear:
                 ; .FSTART _lcd_clear
0000dc e0a2      	LDI  R26,LOW(2)
0000dd d05e      	RCALL SUBOPT_0x2
0000de e0ac      	LDI  R26,LOW(12)
0000df dfde      	RCALL __lcd_write_data
0000e0 e0a1      	LDI  R26,LOW(1)
0000e1 d05a      	RCALL SUBOPT_0x2
0000e2 e0e0      	LDI  R30,LOW(0)
0000e3 2e4e      	MOV  R4,R30
0000e4 2e5e      	MOV  R5,R30
0000e5 9508      	RET
                 ; .FEND
                 _lcd_putchar:
                 ; .FSTART _lcd_putchar
0000e6 931a      	ST   -Y,R17
0000e7 2f1a      	MOV  R17,R26
0000e8 301a      	CPI  R17,10
0000e9 f011      	BREQ _0x2000005
0000ea 1457      	CP   R5,R7
0000eb f038      	BRLO _0x2000004
                 _0x2000005:
0000ec e0e0      	LDI  R30,LOW(0)
0000ed 93ea      	ST   -Y,R30
0000ee 9443      	INC  R4
0000ef 2da4      	MOV  R26,R4
0000f0 dfdb      	RCALL _lcd_gotoxy
0000f1 301a      	CPI  R17,10
0000f2 f1f1      	BREQ _0x2020001
                 _0x2000004:
0000f3 9453      	INC  R5
0000f4 9ad8      	SBI  0x1B,0
0000f5 2fa1      	MOV  R26,R17
0000f6 dfc7      	RCALL __lcd_write_data
0000f7 98d8      	CBI  0x1B,0
0000f8 c038      	RJMP _0x2020001
                 ; .FEND
                 _lcd_putsf:
                 ; .FSTART _lcd_putsf
0000f9 d057      	RCALL __SAVELOCR4
0000fa 019d      	MOVW R18,R26
                 _0x200000B:
0000fb 01f9      	MOVW R30,R18
                +
0000fc 5f2f     +SUBI R18 , LOW ( - 1 )
0000fd 4f3f     +SBCI R19 , HIGH ( - 1 )
                 	__ADDWRN 18,19,1
0000fe 91e4      	LPM  R30,Z
0000ff 2f1e      	MOV  R17,R30
000100 30e0      	CPI  R30,0
000101 f019      	BREQ _0x200000D
000102 2fa1      	MOV  R26,R17
000103 dfe2      	RCALL _lcd_putchar
000104 cff6      	RJMP _0x200000B
                 _0x200000D:
000105 d050      	RCALL __LOADLOCR4
000106 9624      	ADIW R28,4
000107 9508      	RET
                 ; .FEND
                 _lcd_init:
                 ; .FSTART _lcd_init
000108 931a      	ST   -Y,R17
000109 2f1a      	MOV  R17,R26
00010a b3ea      	IN   R30,0x1A
00010b 6fe0      	ORI  R30,LOW(0xF0)
00010c bbea      	OUT  0x1A,R30
00010d 9ad2      	SBI  0x1A,2
00010e 9ad0      	SBI  0x1A,0
00010f 9ad1      	SBI  0x1A,1
000110 98da      	CBI  0x1B,2
000111 98d8      	CBI  0x1B,0
000112 98d9      	CBI  0x1B,1
000113 2e71      	MOV  R7,R17
000114 2fe1      	MOV  R30,R17
000115 58e0      	SUBI R30,-LOW(128)
                +
000116 93e0 00e8+STS __base_y_G100 + ( 2 ) , R30
                 	__PUTB1MN __base_y_G100,2
000118 2fe1      	MOV  R30,R17
000119 54e0      	SUBI R30,-LOW(192)
                +
00011a 93e0 00e9+STS __base_y_G100 + ( 3 ) , R30
                 	__PUTB1MN __base_y_G100,3
00011c e1a4      	LDI  R26,LOW(20)
00011d e0b0      	LDI  R27,0
00011e d028      	RCALL _delay_ms
00011f d020      	RCALL SUBOPT_0x3
000120 d01f      	RCALL SUBOPT_0x3
000121 d01e      	RCALL SUBOPT_0x3
000122 e2a0      	LDI  R26,LOW(32)
000123 df8b      	RCALL __lcd_write_nibble_G100
                +
000124 e980     +LDI R24 , LOW ( 400 )
000125 e091     +LDI R25 , HIGH ( 400 )
                +__DELAY_USW_LOOP :
000126 9701     +SBIW R24 , 1
000127 f7f1     +BRNE __DELAY_USW_LOOP
                 	__DELAY_USW 400
000128 e2a8      	LDI  R26,LOW(40)
000129 df94      	RCALL __lcd_write_data
00012a e0a4      	LDI  R26,LOW(4)
00012b df92      	RCALL __lcd_write_data
00012c e8a5      	LDI  R26,LOW(133)
00012d df90      	RCALL __lcd_write_data
00012e e0a6      	LDI  R26,LOW(6)
00012f df8e      	RCALL __lcd_write_data
000130 dfab      	RCALL _lcd_clear
                 _0x2020001:
000131 9119      	LD   R17,Y+
000132 9508      	RET
                 ; .FEND
                 
                 	.DSEG
                 _tabEnvoiDmx:
0000e0           	.BYTE 0x6
                 __base_y_G100:
0000e6           	.BYTE 0x4
                 
                 	.CSEG
                 ;OPTIMIZER ADDED SUBROUTINE, CALLED 2 TIMES, CODE SIZE REDUCTION:1 WORDS
                 SUBOPT_0x0:
000133 2fe1      	MOV  R30,R17
000134 e0f0      	LDI  R31,0
000135 52e0      	SUBI R30,LOW(-_tabEnvoiDmx)
000136 4fff      	SBCI R31,HIGH(-_tabEnvoiDmx)
000137 9508      	RET
                 
                 ;OPTIMIZER ADDED SUBROUTINE, CALLED 3 TIMES, CODE SIZE REDUCTION:2 WORDS
                 SUBOPT_0x1:
                +
000138 e18b     +LDI R24 , LOW ( 27 )
                +__DELAY_USB_LOOP :
000139 958a     +DEC R24
00013a f7f1     +BRNE __DELAY_USB_LOOP
                 	__DELAY_USB 27
00013b 9508      	RET
                 
                 ;OPTIMIZER ADDED SUBROUTINE, CALLED 2 TIMES, CODE SIZE REDUCTION:1 WORDS
                 SUBOPT_0x2:
00013c df81      	RCALL __lcd_write_data
00013d e0a3      	LDI  R26,LOW(3)
00013e e0b0      	LDI  R27,0
00013f c007      	RJMP _delay_ms
                 
                 ;OPTIMIZER ADDED SUBROUTINE, CALLED 3 TIMES, CODE SIZE REDUCTION:8 WORDS
                 SUBOPT_0x3:
000140 e3a0      	LDI  R26,LOW(48)
000141 df6d      	RCALL __lcd_write_nibble_G100
                +
000142 e980     +LDI R24 , LOW ( 400 )
000143 e091     +LDI R25 , HIGH ( 400 )
                +__DELAY_USW_LOOP :
000144 9701     +SBIW R24 , 1
000145 f7f1     +BRNE __DELAY_USW_LOOP
                 	__DELAY_USW 400
000146 9508      	RET
                 
                 
                 	.CSEG
                 _delay_ms:
000147 9610      	adiw r26,0
000148 f039      	breq __delay_ms1
                 __delay_ms0:
000149 95a8      	wdr
                +
00014a ea80     +LDI R24 , LOW ( 0xFA0 )
00014b e09f     +LDI R25 , HIGH ( 0xFA0 )
                +__DELAY_USW_LOOP :
00014c 9701     +SBIW R24 , 1
00014d f7f1     +BRNE __DELAY_USW_LOOP
                 	__DELAY_USW 0xFA0
00014e 9711      	sbiw r26,1
00014f f7c9      	brne __delay_ms0
                 __delay_ms1:
000150 9508      	ret
                 
                 __SAVELOCR4:
000151 933a      	ST   -Y,R19
                 __SAVELOCR3:
000152 932a      	ST   -Y,R18
                 __SAVELOCR2:
000153 931a      	ST   -Y,R17
000154 930a      	ST   -Y,R16
000155 9508      	RET
                 
                 __LOADLOCR4:
000156 813b      	LDD  R19,Y+3
                 __LOADLOCR3:
000157 812a      	LDD  R18,Y+2
                 __LOADLOCR2:
000158 8119      	LDD  R17,Y+1
000159 8108      	LD   R16,Y
00015a 9508      	RET
                 
                 ;END OF CODE MARKER
                 __END_OF_CODE:


RESOURCE USE INFORMATION
------------------------

Notice:
The register and instruction counts are symbol table hit counts,
and hence implicitly used resources are not counted, eg, the
'lpm' instruction without operands implicitly uses r0 and z,
none of which are counted.

x,y,z are separate entities in the symbol table and are
counted separately from r26..r31 here.

.dseg memory usage only counts static data declared with .byte

ATmega8535 register use summary:
r0 :   4 r1 :   1 r2 :   0 r3 :   0 r4 :   4 r5 :   4 r6 :   0 r7 :   2 
r8 :   0 r9 :   0 r10:   0 r11:   0 r12:   0 r13:   0 r14:   0 r15:   0 
r16:   7 r17:  32 r18:   5 r19:   5 r20:   0 r21:   0 r22:   2 r23:   0 
r24:  21 r25:   7 r26:  38 r27:   6 r28:   5 r29:   1 r30:  81 r31:   7 
x  :   3 y  :  25 z  :  11 
Registers used: 21 out of 35 (60.0%)

ATmega8535 instruction use summary:
.lds  :   0 .lds.l:   0 .sts  :   0 .sts.l:   0 adc   :   0 add   :   1 
adiw  :   5 and   :   0 andi  :   2 asr   :   0 bclr  :   0 bld   :   0 
brbc  :   0 brbs  :   0 brcc  :   0 brcs  :   0 break :   0 breq  :   5 
brge  :   0 brhc  :   0 brhs  :   0 brid  :   0 brie  :   0 brlo  :   1 
brlt  :   0 brmi  :   0 brne  :  11 brpl  :   0 brsh  :   2 brtc  :   0 
brts  :   0 brvc  :   0 brvs  :   0 bset  :   0 bst   :   0 cbi   :   5 
cbr   :   0 clc   :   0 clh   :   0 cli   :   1 cln   :   0 clr   :   2 
cls   :   0 clt   :   0 clv   :   0 clz   :   0 com   :   0 cp    :   1 
cpc   :   0 cpi   :   5 cpse  :   0 dec   :   3 des   :   0 eor   :   0 
fmul  :   0 fmuls :   0 fmulsu:   0 icall :   0 ijmp  :   0 in    :   2 
inc   :   2 ld    :   7 ldd   :   6 ldi   :  65 lds   :   0 lpm   :   9 
lsl   :   0 lsr   :   0 mov   :  21 movw  :   5 mul   :   0 muls  :   0 
mulsu :   0 neg   :   0 nop   :   0 or    :   1 ori   :   1 out   :  22 
pop   :   0 push  :   0 rcall :  45 ret   :  17 reti  :   0 rjmp  :  34 
rol   :   0 ror   :   0 sbc   :   0 sbci  :   3 sbi   :   5 sbic  :   0 
sbis  :   1 sbiw  :   9 sbr   :   0 sbrc  :   0 sbrs  :   0 sec   :   0 
seh   :   0 sei   :   0 sen   :   0 ser   :   0 ses   :   0 set   :   0 
sev   :   0 sez   :   0 sleep :   0 spm   :   0 st    :  17 std   :   1 
sts   :   6 sub   :   0 subi  :   7 swap  :   1 tst   :   0 wdr   :   1 

Instructions used: 37 out of 114 (32.5%)

ATmega8535 memory use summary [bytes]:
Segment   Begin    End      Code   Data   Used    Size   Use%
---------------------------------------------------------------
[.cseg] 0x000000 0x0002b6    674     20    694    8192   8.5%
[.dseg] 0x000060 0x0000ea      0     10     10     512   2.0%
[.eseg] 0x000000 0x000000      0      0      0     512   0.0%

Assembly complete, 0 errors, 4 warnings
